2026/03/03 22:19:57 [notice] 1#1: using the "epoll" event method
2026/03/03 22:19:57 [notice] 1#1: nginx/1.29.5
2026/03/03 22:19:57 [notice] 1#1: built by gcc 14.2.0 (Debian 14.2.0-19) 
2026/03/03 22:19:57 [notice] 1#1: OS: Linux 6.8.0-101-generic
2026/03/03 22:19:57 [notice] 1#1: getrlimit(RLIMIT_NOFILE): 1024:524288
2026/03/03 22:19:57 [notice] 1#1: start worker processes
2026/03/03 22:19:57 [notice] 1#1: start worker process 29
2026/03/03 22:19:57 [notice] 1#1: start worker process 30
2026/03/03 22:19:57 [notice] 1#1: start worker process 31
2026/03/03 22:19:57 [notice] 1#1: start worker process 32
2026/03/03 22:20:25 [error] 29#29: *1 directory index of "/usr/share/nginx/html/" is forbidden, client: 172.18.0.1, server: localhost, request: "GET / HTTP/1.1", host: "localhost:8080"
2026/03/03 22:43:49 [notice] 1#1: signal 3 (SIGQUIT) received, shutting down
2026/03/03 22:43:49 [notice] 31#31: gracefully shutting down
2026/03/03 22:43:49 [notice] 31#31: exiting
2026/03/03 22:43:49 [notice] 31#31: exit
2026/03/03 22:43:49 [notice] 29#29: gracefully shutting down
2026/03/03 22:43:49 [notice] 29#29: exiting
2026/03/03 22:43:49 [notice] 29#29: exit
2026/03/03 22:43:49 [notice] 30#30: gracefully shutting down
2026/03/03 22:43:49 [notice] 30#30: exiting
2026/03/03 22:43:49 [notice] 30#30: exit
2026/03/03 22:43:49 [notice] 32#32: gracefully shutting down
2026/03/03 22:43:49 [notice] 32#32: exiting
2026/03/03 22:43:49 [notice] 32#32: exit
2026/03/03 22:43:49 [notice] 1#1: signal 17 (SIGCHLD) received from 31
2026/03/03 22:43:49 [notice] 1#1: worker process 29 exited with code 0
2026/03/03 22:43:49 [notice] 1#1: worker process 30 exited with code 0
2026/03/03 22:43:49 [notice] 1#1: worker process 31 exited with code 0
2026/03/03 22:43:49 [notice] 1#1: worker process 32 exited with code 0
2026/03/03 22:43:49 [notice] 1#1: exit
2026/03/04 20:19:35 [notice] 1#1: using the "epoll" event method
2026/03/04 20:19:35 [notice] 1#1: nginx/1.29.5
2026/03/04 20:19:35 [notice] 1#1: built by gcc 14.2.0 (Debian 14.2.0-19) 
2026/03/04 20:19:35 [notice] 1#1: OS: Linux 6.8.0-101-generic
2026/03/04 20:19:35 [notice] 1#1: getrlimit(RLIMIT_NOFILE): 1024:524288
2026/03/04 20:19:35 [notice] 1#1: start worker processes
2026/03/04 20:19:35 [notice] 1#1: start worker process 28
2026/03/04 20:19:35 [notice] 1#1: start worker process 29
2026/03/04 20:19:35 [notice] 1#1: start worker process 30
2026/03/04 20:19:35 [notice] 1#1: start worker process 31
2026/03/04 20:26:46 [error] 29#29: *1 directory index of "/usr/share/nginx/html/" is forbidden, client: 172.21.0.1, server: localhost, request: "GET / HTTP/1.1", host: "localhost:8080"
2026/03/04 20:26:46 [error] 31#31: *2 directory index of "/usr/share/nginx/html/" is forbidden, client: 172.21.0.1, server: localhost, request: "GET / HTTP/1.1", host: "localhost:8080"
2026/03/04 20:26:46 [error] 28#28: *3 directory index of "/usr/share/nginx/html/" is forbidden, client: 172.21.0.1, server: localhost, request: "GET / HTTP/1.1", host: "localhost:8080"
2026/03/04 20:29:34 [notice] 1#1: signal 3 (SIGQUIT) received, shutting down
2026/03/04 20:29:34 [notice] 29#29: gracefully shutting down
2026/03/04 20:29:34 [notice] 28#28: gracefully shutting down
2026/03/04 20:29:34 [notice] 29#29: exiting
2026/03/04 20:29:34 [notice] 28#28: exiting
2026/03/04 20:29:34 [notice] 31#31: gracefully shutting down
2026/03/04 20:29:34 [notice] 31#31: exiting
2026/03/04 20:29:34 [notice] 29#29: exit
2026/03/04 20:29:34 [notice] 28#28: exit
2026/03/04 20:29:34 [notice] 31#31: exit
2026/03/04 20:29:34 [notice] 30#30: gracefully shutting down
2026/03/04 20:29:34 [notice] 30#30: exiting
2026/03/04 20:29:34 [notice] 30#30: exit
2026/03/04 20:29:34 [notice] 1#1: signal 17 (SIGCHLD) received from 31
2026/03/04 20:29:34 [notice] 1#1: worker process 31 exited with code 0
2026/03/04 20:29:34 [notice] 1#1: signal 29 (SIGIO) received
2026/03/04 20:29:34 [notice] 1#1: signal 17 (SIGCHLD) received from 30
2026/03/04 20:29:34 [notice] 1#1: worker process 29 exited with code 0
2026/03/04 20:29:34 [notice] 1#1: worker process 30 exited with code 0
2026/03/04 20:29:34 [notice] 1#1: signal 29 (SIGIO) received
2026/03/04 20:29:34 [notice] 1#1: signal 17 (SIGCHLD) received from 28
2026/03/04 20:29:34 [notice] 1#1: worker process 28 exited with code 0
2026/03/04 20:29:34 [notice] 1#1: exit
2026/03/04 20:29:40 [notice] 1#1: using the "epoll" event method
2026/03/04 20:29:40 [notice] 1#1: nginx/1.29.5
2026/03/04 20:29:40 [notice] 1#1: built by gcc 14.2.0 (Debian 14.2.0-19) 
2026/03/04 20:29:40 [notice] 1#1: OS: Linux 6.8.0-101-generic
2026/03/04 20:29:40 [notice] 1#1: getrlimit(RLIMIT_NOFILE): 1024:524288
2026/03/04 20:29:40 [notice] 1#1: start worker processes
2026/03/04 20:29:40 [notice] 1#1: start worker process 28
2026/03/04 20:29:40 [notice] 1#1: start worker process 29
2026/03/04 20:29:40 [notice] 1#1: start worker process 30
2026/03/04 20:29:40 [notice] 1#1: start worker process 31
2026/03/04 20:33:28 [notice] 1#1: signal 3 (SIGQUIT) received, shutting down
2026/03/04 20:33:28 [notice] 28#28: gracefully shutting down
2026/03/04 20:33:28 [notice] 28#28: exiting
2026/03/04 20:33:28 [notice] 28#28: exit
2026/03/04 20:33:28 [notice] 29#29: gracefully shutting down
2026/03/04 20:33:28 [notice] 29#29: exiting
2026/03/04 20:33:28 [notice] 31#31: gracefully shutting down
2026/03/04 20:33:28 [notice] 29#29: exit
2026/03/04 20:33:28 [notice] 31#31: exiting
2026/03/04 20:33:28 [notice] 31#31: exit
2026/03/04 20:33:28 [notice] 30#30: gracefully shutting down
2026/03/04 20:33:28 [notice] 30#30: exiting
2026/03/04 20:33:28 [notice] 30#30: exit
2026/03/04 20:33:28 [notice] 1#1: signal 17 (SIGCHLD) received from 28
2026/03/04 20:33:28 [notice] 1#1: worker process 28 exited with code 0
2026/03/04 20:33:28 [notice] 1#1: signal 29 (SIGIO) received
2026/03/04 20:33:28 [notice] 1#1: signal 17 (SIGCHLD) received from 30
2026/03/04 20:33:28 [notice] 1#1: worker process 30 exited with code 0
2026/03/04 20:33:28 [notice] 1#1: signal 29 (SIGIO) received
2026/03/04 20:33:28 [notice] 1#1: signal 17 (SIGCHLD) received from 31
2026/03/04 20:33:28 [notice] 1#1: worker process 31 exited with code 0
2026/03/04 20:33:28 [notice] 1#1: signal 29 (SIGIO) received
2026/03/04 20:33:28 [notice] 1#1: signal 17 (SIGCHLD) received from 29
2026/03/04 20:33:28 [notice] 1#1: worker process 29 exited with code 0
2026/03/04 20:33:28 [notice] 1#1: exit
2026/03/04 20:33:36 [notice] 1#1: using the "epoll" event method
2026/03/04 20:33:36 [notice] 1#1: nginx/1.29.5
2026/03/04 20:33:36 [notice] 1#1: built by gcc 14.2.0 (Debian 14.2.0-19) 
2026/03/04 20:33:36 [notice] 1#1: OS: Linux 6.8.0-101-generic
2026/03/04 20:33:36 [notice] 1#1: getrlimit(RLIMIT_NOFILE): 1024:524288
2026/03/04 20:33:36 [notice] 1#1: start worker processes
2026/03/04 20:33:36 [notice] 1#1: start worker process 29
2026/03/04 20:33:36 [notice] 1#1: start worker process 30
2026/03/04 20:33:36 [notice] 1#1: start worker process 31
2026/03/04 20:33:36 [notice] 1#1: start worker process 32
2026/03/04 20:33:42 [error] 29#29: *1 directory index of "/usr/share/nginx/html/" is forbidden, client: 172.21.0.1, server: localhost, request: "GET / HTTP/1.1", host: "localhost:8080"
2026/03/04 20:33:42 [error] 30#30: *2 directory index of "/usr/share/nginx/html/" is forbidden, client: 172.21.0.1, server: localhost, request: "GET / HTTP/1.1", host: "localhost:8080"
2026/03/04 21:00:38 [error] 31#31: *3 directory index of "/usr/share/nginx/html/" is forbidden, client: 172.21.0.1, server: localhost, request: "GET / HTTP/1.1", host: "localhost:8080"
2026/03/04 21:00:38 [error] 32#32: *4 directory index of "/usr/share/nginx/html/" is forbidden, client: 172.21.0.1, server: localhost, request: "GET / HTTP/1.1", host: "localhost:8080"
2026/03/04 21:08:48 [notice] 1#1: signal 3 (SIGQUIT) received, shutting down
2026/03/04 21:08:48 [notice] 29#29: gracefully shutting down
2026/03/04 21:08:48 [notice] 30#30: gracefully shutting down
2026/03/04 21:08:48 [notice] 30#30: exiting
2026/03/04 21:08:48 [notice] 31#31: gracefully shutting down
2026/03/04 21:08:48 [notice] 31#31: exiting
2026/03/04 21:08:48 [notice] 30#30: exit
2026/03/04 21:08:48 [notice] 29#29: exiting
2026/03/04 21:08:48 [notice] 31#31: exit
2026/03/04 21:08:48 [notice] 29#29: exit
2026/03/04 21:08:48 [notice] 32#32: gracefully shutting down
2026/03/04 21:08:48 [notice] 32#32: exiting
2026/03/04 21:08:48 [notice] 32#32: exit
2026/03/04 21:08:48 [notice] 1#1: signal 17 (SIGCHLD) received from 32
2026/03/04 21:08:48 [notice] 1#1: worker process 30 exited with code 0
2026/03/04 21:08:48 [notice] 1#1: worker process 32 exited with code 0
2026/03/04 21:08:48 [notice] 1#1: signal 17 (SIGCHLD) received from 29
2026/03/04 21:08:48 [notice] 1#1: worker process 29 exited with code 0
2026/03/04 21:08:48 [notice] 1#1: signal 29 (SIGIO) received
2026/03/04 21:08:48 [notice] 1#1: signal 29 (SIGIO) received
2026/03/04 21:08:48 [notice] 1#1: signal 17 (SIGCHLD) received from 31
2026/03/04 21:08:48 [notice] 1#1: worker process 31 exited with code 0
2026/03/04 21:08:48 [notice] 1#1: exit
2026/03/04 21:08:56 [notice] 1#1: using the "epoll" event method
2026/03/04 21:08:56 [notice] 1#1: nginx/1.29.5
2026/03/04 21:08:56 [notice] 1#1: built by gcc 14.2.0 (Debian 14.2.0-19) 
2026/03/04 21:08:56 [notice] 1#1: OS: Linux 6.8.0-101-generic
2026/03/04 21:08:56 [notice] 1#1: getrlimit(RLIMIT_NOFILE): 1024:524288
2026/03/04 21:08:56 [notice] 1#1: start worker processes
2026/03/04 21:08:56 [notice] 1#1: start worker process 29
2026/03/04 21:08:56 [notice] 1#1: start worker process 30
2026/03/04 21:08:56 [notice] 1#1: start worker process 31
2026/03/04 21:08:56 [notice] 1#1: start worker process 32
2026/03/04 21:10:21 [error] 31#31: *1 directory index of "/usr/share/nginx/html/" is forbidden, client: 172.21.0.1, server: localhost, request: "GET / HTTP/1.1", host: "localhost:8080"
2026/03/04 21:10:21 [error] 30#30: *2 directory index of "/usr/share/nginx/html/" is forbidden, client: 172.21.0.1, server: localhost, request: "GET / HTTP/1.1", host: "localhost:8080"
2026/03/04 21:10:21 [error] 29#29: *3 directory index of "/usr/share/nginx/html/" is forbidden, client: 172.21.0.1, server: localhost, request: "GET / HTTP/1.1", host: "localhost:8080"
2026/03/04 21:19:04 [notice] 1#1: signal 3 (SIGQUIT) received, shutting down
2026/03/04 21:19:04 [notice] 29#29: gracefully shutting down
2026/03/04 21:19:04 [notice] 29#29: exiting
2026/03/04 21:19:04 [notice] 29#29: exit
2026/03/04 21:19:04 [notice] 30#30: gracefully shutting down
2026/03/04 21:19:04 [notice] 30#30: exiting
2026/03/04 21:19:04 [notice] 31#31: gracefully shutting down
2026/03/04 21:19:04 [notice] 30#30: exit
2026/03/04 21:19:04 [notice] 31#31: exiting
2026/03/04 21:19:04 [notice] 31#31: exit
2026/03/04 21:19:04 [notice] 32#32: gracefully shutting down
2026/03/04 21:19:04 [notice] 32#32: exiting
2026/03/04 21:19:04 [notice] 32#32: exit
2026/03/04 21:19:04 [notice] 1#1: signal 17 (SIGCHLD) received from 29
2026/03/04 21:19:04 [notice] 1#1: worker process 29 exited with code 0
2026/03/04 21:19:04 [notice] 1#1: signal 29 (SIGIO) received
2026/03/04 21:19:04 [notice] 1#1: signal 17 (SIGCHLD) received from 31
2026/03/04 21:19:04 [notice] 1#1: worker process 30 exited with code 0
2026/03/04 21:19:04 [notice] 1#1: worker process 31 exited with code 0
2026/03/04 21:19:04 [notice] 1#1: worker process 32 exited with code 0
2026/03/04 21:19:04 [notice] 1#1: exit
2026/03/04 21:19:20 [notice] 1#1: using the "epoll" event method
2026/03/04 21:19:20 [notice] 1#1: nginx/1.29.5
2026/03/04 21:19:20 [notice] 1#1: built by gcc 14.2.0 (Debian 14.2.0-19) 
2026/03/04 21:19:20 [notice] 1#1: OS: Linux 6.8.0-101-generic
2026/03/04 21:19:20 [notice] 1#1: getrlimit(RLIMIT_NOFILE): 1024:524288
2026/03/04 21:19:20 [notice] 1#1: start worker processes
2026/03/04 21:19:20 [notice] 1#1: start worker process 30
2026/03/04 21:19:20 [notice] 1#1: start worker process 31
2026/03/04 21:19:20 [notice] 1#1: start worker process 32
2026/03/04 21:19:20 [notice] 1#1: start worker process 33
2026/03/04 21:19:24 [notice] 1#1: signal 3 (SIGQUIT) received, shutting down
2026/03/04 21:19:24 [notice] 31#31: gracefully shutting down
2026/03/04 21:19:24 [notice] 31#31: exiting
2026/03/04 21:19:24 [notice] 31#31: exit
2026/03/04 21:19:24 [notice] 32#32: gracefully shutting down
2026/03/04 21:19:24 [notice] 32#32: exiting
2026/03/04 21:19:24 [notice] 32#32: exit
2026/03/04 21:19:24 [notice] 33#33: gracefully shutting down
2026/03/04 21:19:24 [notice] 33#33: exiting
2026/03/04 21:19:24 [notice] 33#33: exit
2026/03/04 21:19:24 [notice] 30#30: gracefully shutting down
2026/03/04 21:19:24 [notice] 30#30: exiting
2026/03/04 21:19:24 [notice] 30#30: exit
2026/03/04 21:19:24 [notice] 1#1: signal 17 (SIGCHLD) received from 30
2026/03/04 21:19:24 [notice] 1#1: worker process 30 exited with code 0
2026/03/04 21:19:24 [notice] 1#1: signal 29 (SIGIO) received
2026/03/04 21:19:24 [notice] 1#1: signal 17 (SIGCHLD) received from 33
2026/03/04 21:19:24 [notice] 1#1: worker process 31 exited with code 0
2026/03/04 21:19:24 [notice] 1#1: worker process 32 exited with code 0
2026/03/04 21:19:24 [notice] 1#1: worker process 33 exited with code 0
2026/03/04 21:19:24 [notice] 1#1: exit
